app/build/intermediates/manifest_merge_blame_file/debug/manifest-merger-blame-debug-report.txt
1<?xml version="1.0" encoding="utf-8"?>
2<manifest xmlns:android="http://schemas.android.com/apk/res/android"
3    package="com.verizon.tv.altimetriktest"
4    android:versionCode="1"
5    android:versionName="1.0" >
6
7    <uses-sdk
8        android:minSdkVersion="26"
8-->src/main/AndroidManifest.xml
9        android:targetSdkVersion="29" />
9-->src/main/AndroidManifest.xml
10
11    <uses-permission android:name="android.permission.INTERNET" />
11-->src/main/AndroidManifest.xml:4:5-67
11-->src/main/AndroidManifest.xml:4:22-64
12
13    <application
13-->src/main/AndroidManifest.xml:5:5-23:19
14        android:allowBackup="true"
14-->src/main/AndroidManifest.xml:6:9-35
15        android:appComponentFactory="androidx.core.app.CoreComponentFactory"
15-->[androidx.core:core:1.3.1] AndroidManifest.xml:24:18-86
16        android:debuggable="true"
17        android:extractNativeLibs="false"
18        android:icon="@mipmap/ic_launcher"
18-->src/main/AndroidManifest.xml:7:9-43
19        android:label="@string/app_name"
19-->src/main/AndroidManifest.xml:8:9-41
20        android:roundIcon="@mipmap/ic_launcher_round"
20-->src/main/AndroidManifest.xml:9:9-54
21        android:supportsRtl="true"
21-->src/main/AndroidManifest.xml:10:9-35
22        android:testOnly="true"
23        android:theme="@style/AppTheme" >
23-->src/main/AndroidManifest.xml:11:9-40
24        <activity android:name="com.saurabh.tv.altimetriktest.MainActivity" >
24-->src/main/AndroidManifest.xml:12:9-18:20
24-->src/main/AndroidManifest.xml:12:19-76
25            <intent-filter>
25-->src/main/AndroidManifest.xml:13:13-17:29
26                <action android:name="android.intent.action.MAIN" />
26-->src/main/AndroidManifest.xml:14:17-69
26-->src/main/AndroidManifest.xml:14:25-66
27
28                <category android:name="android.intent.category.LAUNCHER" />
28-->src/main/AndroidManifest.xml:16:17-77
28-->src/main/AndroidManifest.xml:16:27-74
29            </intent-filter>
30        </activity>
31        <activity android:name="com.saurabh.tv.altimetriktest.viewmodel.ItuneSearchDetailsActivity" />
31-->src/main/AndroidManifest.xml:20:9-22:16
31-->src/main/AndroidManifest.xml:21:13-94
32
33        <service
33-->[androidx.room:room-runtime:2.2.5] AndroidManifest.xml:25:9-28:40
34            android:name="androidx.room.MultiInstanceInvalidationService"
34-->[androidx.room:room-runtime:2.2.5] AndroidManifest.xml:26:13-74
35            android:directBootAware="true"
35-->[androidx.room:room-runtime:2.2.5] AndroidManifest.xml:27:13-43
36            android:exported="false" />
36-->[androidx.room:room-runtime:2.2.5] AndroidManifest.xml:28:13-37
37
38        <provider
38-->[androidx.lifecycle:lifecycle-process:2.0.0] AndroidManifest.xml:23:9-27:43
39            android:name="androidx.lifecycle.ProcessLifecycleOwnerInitializer"
39-->[androidx.lifecycle:lifecycle-process:2.0.0] AndroidManifest.xml:24:13-79
40            android:authorities="com.verizon.tv.altimetriktest.lifecycle-process"
40-->[androidx.lifecycle:lifecycle-process:2.0.0] AndroidManifest.xml:25:13-69
41            android:exported="false"
41-->[androidx.lifecycle:lifecycle-process:2.0.0] AndroidManifest.xml:26:13-37
42            android:multiprocess="true" />
42-->[androidx.lifecycle:lifecycle-process:2.0.0] AndroidManifest.xml:27:13-40
43    </application>
44
45</manifest>